# JRE version: OpenJDK Runtime Environment (11.0.2+9) (build 11.0.2+9)
# Java VM: OpenJDK 64-Bit Server VM (11.0.2+9, mixed mode, tiered, compressed oops, g1 gc, linux-amd64)
Heap:
 garbage-first heap   total 36864K, used 11910K [0x0000000084e00000, 0x0000000100000000)
  region size 1024K, 5 young (5120K), 1 survivors (1024K)
 Metaspace       used 16239K, capacity 16633K, committed 16768K, reserved 1064960K
  class space    used 1721K, capacity 1867K, committed 1920K, reserved 1048576K
GC Heap History (10 events):
Event: 1.152 GC heap before
{Heap before GC invocations=12 (full 0):
 garbage-first heap   total 13312K, used 6927K [0x0000000084e00000, 0x0000000100000000)
  region size 1024K, 3 young (3072K), 1 survivors (1024K)
 Metaspace       used 14928K, capacity 15262K, committed 15360K, reserved 1062912K
  class space    used 1571K, capacity 1708K, committed 1792K, reserved 1048576K
}
Event: 1.154 GC heap after
{Heap after GC invocations=13 (full 0):
 garbage-first heap   total 19456K, used 5170K [0x0000000084e00000, 0x0000000100000000)
  region size 1024K, 1 young (1024K), 1 survivors (1024K)
 Metaspace       used 14928K, capacity 15262K, committed 15360K, reserved 1062912K
  class space    used 1571K, capacity 1708K, committed 1792K, reserved 1048576K
}
Event: 1.231 GC heap before
{Heap before GC invocations=13 (full 0):
 garbage-first heap   total 19456K, used 8242K [0x0000000084e00000, 0x0000000100000000)
  region size 1024K, 5 young (5120K), 1 survivors (1024K)
 Metaspace       used 15050K, capacity 15390K, committed 15616K, reserved 1062912K
  class space    used 1584K, capacity 1708K, committed 1792K, reserved 1048576K
}
Event: 1.234 GC heap after
{Heap after GC invocations=14 (full 0):
 garbage-first heap   total 19456K, used 6166K [0x0000000084e00000, 0x0000000100000000)
  region size 1024K, 1 young (1024K), 1 survivors (1024K)
 Metaspace       used 15050K, capacity 15390K, committed 15616K, reserved 1062912K
  class space    used 1584K, capacity 1708K, committed 1792K, reserved 1048576K
}
Event: 1.258 GC heap before
{Heap before GC invocations=14 (full 0):
 garbage-first heap   total 19456K, used 10262K [0x0000000084e00000, 0x0000000100000000)
  region size 1024K, 5 young (5120K), 1 survivors (1024K)
 Metaspace       used 15069K, capacity 15391K, committed 15616K, reserved 1062912K
  class space    used 1585K, capacity 1708K, committed 1792K, reserved 1048576K
}
Event: 1.264 GC heap after
{Heap after GC invocations=15 (full 0):
 garbage-first heap   total 19456K, used 7148K [0x0000000084e00000, 0x0000000100000000)
  region size 1024K, 1 young (1024K), 1 survivors (1024K)
 Metaspace       used 15069K, capacity 15391K, committed 15616K, reserved 1062912K
  class space    used 1585K, capacity 1708K, committed 1792K, reserved 1048576K
}
Event: 1.336 GC heap before
{Heap before GC invocations=15 (full 0):
 garbage-first heap   total 19456K, used 11244K [0x0000000084e00000, 0x0000000100000000)
  region size 1024K, 5 young (5120K), 1 survivors (1024K)
 Metaspace       used 15366K, capacity 15744K, committed 15872K, reserved 1062912K
  class space    used 1615K, capacity 1761K, committed 1792K, reserved 1048576K
}
Event: 1.339 GC heap after
{Heap after GC invocations=16 (full 0):
 garbage-first heap   total 19456K, used 7929K [0x0000000084e00000, 0x0000000100000000)
  region size 1024K, 1 young (1024K), 1 survivors (1024K)
 Metaspace       used 15366K, capacity 15744K, committed 15872K, reserved 1062912K
  class space    used 1615K, capacity 1761K, committed 1792K, reserved 1048576K
}
Event: 1.434 GC heap before
{Heap before GC invocations=16 (full 0):
 garbage-first heap   total 19456K, used 12025K [0x0000000084e00000, 0x0000000100000000)
  region size 1024K, 5 young (5120K), 1 survivors (1024K)
 Metaspace       used 15792K, capacity 16172K, committed 16512K, reserved 1064960K
  class space    used 1684K, capacity 1820K, committed 1920K, reserved 1048576K
}
Event: 1.439 GC heap after
{Heap after GC invocations=17 (full 0):
 garbage-first heap   total 36864K, used 8838K [0x0000000084e00000, 0x0000000100000000)
  region size 1024K, 1 young (1024K), 1 survivors (1024K)
 Metaspace       used 15792K, capacity 16172K, committed 16512K, reserved 1064960K
  class space    used 1684K, capacity 1820K, committed 1920K, reserved 1048576K
}

